15:20:34.016 [main] INFO  c.e.routeweb.RouteWebApplication - Starting RouteWebApplication using Java 17.0.8.1 with PID 2176 (C:\Users\Апчихба\IdeaProjects\RouteWeb\target\classes started by Апчихба in C:\Users\Апчихба\IdeaProjects\RouteWeb)
15:20:34.019 [main] DEBUG c.e.routeweb.RouteWebApplication - Running with Spring Boot v3.2.2, Spring v6.1.3
15:20:34.020 [main] INFO  c.e.routeweb.RouteWebApplication - No active profile set, falling back to 1 default profile: "default"
15:20:43.837 [main] INFO  c.e.routeweb.RouteWebApplication - Started RouteWebApplication in 10.283 seconds (process running for 12.369)
15:20:47.003 [http-nio-8080-exec-1] DEBUG c.e.r.controllers.FileDataController - This is a debug message
15:20:47.003 [http-nio-8080-exec-1] INFO  c.e.r.controllers.FileDataController - This is an info message
15:20:47.003 [http-nio-8080-exec-1] WARN  c.e.r.controllers.FileDataController - This is a warning message
15:20:47.003 [http-nio-8080-exec-1] ERROR c.e.r.controllers.FileDataController - This is an error message
15:33:15.254 [main] INFO  c.e.routeweb.RouteWebApplication - Starting RouteWebApplication using Java 17.0.8.1 with PID 17944 (C:\Users\Апчихба\IdeaProjects\RouteWeb\target\classes started by Апчихба in C:\Users\Апчихба\IdeaProjects\RouteWeb)
15:33:15.257 [main] DEBUG c.e.routeweb.RouteWebApplication - Running with Spring Boot v3.2.2, Spring v6.1.3
15:33:15.258 [main] INFO  c.e.routeweb.RouteWebApplication - No active profile set, falling back to 1 default profile: "default"
15:33:23.494 [main] INFO  c.e.routeweb.RouteWebApplication - Started RouteWebApplication in 8.533 seconds (process running for 9.338)
15:33:23.612 [http-nio-8080-exec-1] DEBUG c.e.r.controllers.FileDataController - This is a debug message
15:33:23.612 [http-nio-8080-exec-1] INFO  c.e.r.controllers.FileDataController - This is an info message
15:33:23.612 [http-nio-8080-exec-1] WARN  c.e.r.controllers.FileDataController - This is a warning message
15:33:23.612 [http-nio-8080-exec-1] ERROR c.e.r.controllers.FileDataController - This is an error message
16:19:13.266 [main] INFO  c.e.routeweb.RouteWebApplication - Starting RouteWebApplication using Java 17.0.8.1 with PID 2544 (C:\Users\Апчихба\IdeaProjects\RouteWeb\target\classes started by Апчихба in C:\Users\Апчихба\IdeaProjects\RouteWeb)
16:19:13.267 [main] DEBUG c.e.routeweb.RouteWebApplication - Running with Spring Boot v3.2.2, Spring v6.1.3
16:19:13.268 [main] INFO  c.e.routeweb.RouteWebApplication - No active profile set, falling back to 1 default profile: "default"
16:19:20.762 [main] INFO  c.e.routeweb.RouteWebApplication - Started RouteWebApplication in 7.862 seconds (process running for 8.691)
